[0624/144933.947:ERROR:os_crypt_win.cc(93)] Failed to decrypt: Key not valid for use in specified state. (0x8009000B)
[0624/144934.401:ERROR:backend_impl.cc(1041)] Critical error found -8
[0624/144934.402:ERROR:entry_impl.cc(1075)] No file for c103035e
[0624/144934.402:WARNING:storage_block-inl.h(146)] Failed data load.
[0624/144934.402:WARNING:storage_block-inl.h(146)] Failed data load.
[0624/144934.402:WARNING:storage_block-inl.h(146)] Failed data load.
[0624/144934.402:WARNING:storage_block-inl.h(146)] Failed data load.
[0624/144934.402:ERROR:entry_impl.cc(1075)] No file for c1030358
[0624/144934.402:WARNING:storage_block-inl.h(146)] Failed data load.
[0624/144934.402:WARNING:storage_block-inl.h(146)] Failed data load.
[0624/144934.402:WARNING:storage_block-inl.h(146)] Failed data load.
[0624/144934.402:WARNING:storage_block-inl.h(146)] Failed data load.
[0624/144934.402:ERROR:entry_impl.cc(1075)] No file for c103035c
[0624/144934.403:WARNING:storage_block-inl.h(146)] Failed data load.
[0624/144934.403:WARNING:storage_block-inl.h(146)] Failed data load.
[0624/144934.404:WARNING:storage_block-inl.h(146)] Failed data load.
[0624/144944.436:WARNING:value_store_frontend.cc(45)] Reading mhjfbmdgcfjbbpaeojofohoefgiehjai.alarms from  failed: IO error: .../MANIFEST-000001: Unable to create sequential file (ChromeMethodBFE: 7::NewSequentialFile::1)
[0624/145134.133:ERROR:gpu_init.cc(426)] Passthrough is not supported, GL is disabled
[0624/145222.315:ERROR:leveldb_factory.cc(91)] Failed to open LevelDB database from C:/Users/hanna/OneDrive/Desktop/Astray/Astray/Astray/Saved/webcache_4430\IndexedDB\https_www.youtube-nocookie.com_0.indexeddb.leveldb,IO error: C:/Users/hanna/OneDrive/Desktop/Astray/Astray/Astray/Saved/webcache_4430\IndexedDB\https_www.youtube-nocookie.com_0.indexeddb.leveldb/MANIFEST-000001: Unable to create sequential file (ChromeMethodBFE: 7::NewSequentialFile::1)
[0624/145222.319:ERROR:leveldb_factory.cc(91)] Failed to open LevelDB database from C:/Users/hanna/OneDrive/Desktop/Astray/Astray/Astray/Saved/webcache_4430\IndexedDB\https_www.youtube-nocookie.com_0.indexeddb.leveldb,IO error: C:/Users/hanna/OneDrive/Desktop/Astray/Astray/Astray/Saved/webcache_4430\IndexedDB\https_www.youtube-nocookie.com_0.indexeddb.leveldb/MANIFEST-000001: Unable to create sequential file (ChromeMethodBFE: 7::NewSequentialFile::1)
